<?xml version="1.0" encoding="UTF-8"?>
<!-- Generated by org.testng.reporters.JUnitReportReporter -->
<testsuite hostname="DESKTOP-6HI2P4U" failures="0" tests="1" name="TestClass.TestUserLogin" time="3.465" errors="0" timestamp="2022-04-29T10:35:35 IST" skipped="0">
  <testcase classname="TestClass.TestUserLogin" name="test_Login" time="3.465"/>
  <system-out/>
</testsuite> <!-- TestClass.TestUserLogin -->
