<?xml version="1.0" encoding="UTF-8"?>
<!-- Generated by org.testng.reporters.JUnitReportReporter -->
<testsuite hostname="DESKTOP-6HI2P4U" failures="0" tests="1" name="SelPkg.LoginTest" time="13.255" errors="0" timestamp="2022-03-21T20:20:41 IST" skipped="0">
  <testcase classname="SelPkg.LoginTest" name="LoginTests" time="13.255"/>
  <system-out/>
</testsuite> <!-- SelPkg.LoginTest -->
