<?xml version="1.0" encoding="UTF-8"?>
<!-- Generated by org.testng.reporters.JUnitReportReporter -->
<testsuite hostname="DESKTOP-6HI2P4U" failures="0" tests="1" name="TestClasses.UserLogin" time="3.400" errors="0" timestamp="2022-04-18T21:03:45 IST" skipped="0">
  <testcase classname="TestClasses.UserLogin" name="test_Login" time="3.400"/>
  <system-out/>
</testsuite> <!-- TestClasses.UserLogin -->
