<?xml version="1.0" encoding="UTF-8"?>
<!-- Generated by org.testng.reporters.JUnitReportReporter -->
<testsuite hostname="DESKTOP-6HI2P4U" failures="0" tests="1" name="TestClasses.UserRegirtation" time="9.773" errors="0" timestamp="2022-04-18T19:02:49 IST" skipped="0">
  <testcase classname="TestClasses.UserRegirtation" name="test_Login_Page_Appear_Correct" time="9.773"/>
  <system-out/>
</testsuite> <!-- TestClasses.UserRegirtation -->
