<?xml version="1.0" encoding="UTF-8"?>
<!-- Generated by org.testng.reporters.JUnitReportReporter -->
<testsuite hostname="DESKTOP-6HI2P4U" failures="0" tests="1" name="TestClass.TestUserRegisration" time="7.156" errors="0" timestamp="2022-04-29T09:14:07 IST" skipped="0">
  <testcase classname="TestClass.TestUserRegisration" name="test_Page_Title_Appear_Correctly" time="7.156"/>
  <system-out/>
</testsuite> <!-- TestClass.TestUserRegisration -->
