<?xml version="1.0" encoding="UTF-8"?>
<!-- Generated by org.testng.reporters.JUnitReportReporter -->
<testsuite hostname="DESKTOP-6HI2P4U" failures="0" tests="1" name="TestCases.Registration" time="9.253" errors="0" timestamp="2022-03-27T18:56:37 IST" skipped="0">
  <testcase classname="TestCases.Registration" name="registrationPage" time="9.253"/>
  <system-out/>
</testsuite> <!-- TestCases.Registration -->
