<?xml version="1.0" encoding="UTF-8"?>
<!-- Generated by org.testng.reporters.JUnitReportReporter -->
<testsuite hostname="DESKTOP-6HI2P4U" failures="0" tests="1" name="TestCases.LoginWithValidCredentials" time="6.268" errors="0" timestamp="2022-04-11T12:56:24 IST" skipped="0">
  <testcase classname="TestCases.LoginWithValidCredentials" name="login" time="6.268"/>
  <system-out/>
</testsuite> <!-- TestCases.LoginWithValidCredentials -->
