<?xml version="1.0" encoding="UTF-8"?>
<!-- Generated by org.testng.reporters.JUnitReportReporter -->
<testsuite hostname="DESKTOP-6HI2P4U" failures="0" tests="1" name="TestClass.UserRegistrationTest" time="3.578" errors="0" timestamp="2022-04-19T19:37:38 IST" skipped="0">
  <testcase classname="TestClass.UserRegistrationTest" name="test_Page_Title_Appear_Correctly" time="3.578"/>
  <system-out/>
</testsuite> <!-- TestClass.UserRegistrationTest -->
